<?xml version="1.0" encoding="UTF-8"?>
<!-- Generated by org.testng.reporters.JUnitReportReporter -->
<testsuite hostname="HP-PC" failures="0" tests="4" name="Test.NopComLogintest" time="8.386" errors="0" timestamp="2022-10-18T09:07:40 EDT" skipped="0">
  <testcase classname="Test.NopComLogintest" name="ecomRegister" time="4.339"/>
  <system-out/>
  <testcase classname="Test.NopComLogintest" name="login" time="1.285"/>
  <system-out/>
  <testcase classname="Test.NopComLogintest" name="enterInAccount" time="1.421"/>
  <system-out/>
  <testcase classname="Test.NopComLogintest" name="purchaseNotebook" time="1.341"/>
  <system-out/>
</testsuite> <!-- Test.NopComLogintest -->
